START: {"ok":true,"action":"start","transcript":"","transcript_len":0,"state":3}
[snap 1 @ t=30s state=LISTENING tlen=227 heap=21109KB psram=21109KB fps=4] tail: k you. President. section Well, we have a... Yeah you I don't know. Okay. Thank you. Well, that's the I'm going to go to the bathroom. And the members of the court did. Okay let's What the hell? Okay.
[snap 2 @ t=60s state=LISTENING tlen=670 heap=21109KB psram=21109KB fps=8] tail: , it says, That's for security counseling In the Hammam episode, Gader, you responded to the delegation to Islamabad, right? I am the secretary of the Exclusive Council of Mersail and all of us. Amen.
[snap 3 @ t=90s state=LISTENING tlen=1093 heap=21109KB psram=21109KB fps=8] tail: se all that This over here The authority of Ayatollah Osman Khamenei. Even if we cannot know the truth, we will not know the truth. Where is he? It is for all Jews. We need compliance security. Jesus.
[snap 4 @ t=120s state=LISTENING tlen=1355 heap=21109KB psram=21109KB fps=4] tail: etters. So that's a going back and forth. Obviously it's a much slower process. But the communication is... Yes. He has the final save. He's four. Of course, we have to mention the e-mails. Thank you.
[snap 5 @ t=150s state=LISTENING tlen=1786 heap=21109KB psram=21109KB fps=8] tail:  I'm sorry. Thank you. If you're really stupid, but considering where it comes from, that's a big step, right? So this is The only purpose is that this new I would say security counselors. It's the...
[snap 6 @ t=180s state=LISTENING tlen=2021 heap=21106KB psram=21106KB fps=4] tail: s sitting on the same line. Every beat. Frankly, different interpretations. I'm going to go out how to proceed next. But the only thing I like is that this is a strong unit. And this thing is a dry...
[snap 7 @ t=210s state=LISTENING tlen=2518 heap=21109KB psram=21109KB fps=4] tail: sequence, I guess. What is that to discuss? That's the key point. But at least there is, I would say, economic relief there. Now, the story reaches the way the Iranian leaders, let's say, declined it.
[snap 8 @ t=241s state=READY tlen=2801 heap=21118KB psram=21118KB fps=4] tail: nd the Americans were discombobulated and didn't know what to do. You know, we have a group of our buyers saying, okay, they have three or five days or so. Uh... And we're going to have a meeting. No.
[snap 9 @ t=271s state=READY tlen=2801 heap=21118KB psram=21117KB fps=4] tail: nd the Americans were discombobulated and didn't know what to do. You know, we have a group of our buyers saying, okay, they have three or five days or so. Uh... And we're going to have a meeting. No.
[snap 10 @ t=301s state=READY tlen=2801 heap=21118KB psram=21117KB fps=4] tail: nd the Americans were discombobulated and didn't know what to do. You know, we have a group of our buyers saying, okay, they have three or five days or so. Uh... And we're going to have a meeting. No.
STOP: {"ok":false,"action":"stop","error":"ESP_ERR_INVALID_STATE","transcript":"The reformists of war. Thank you. President. section Well, we have a... Yeah you I don't know. Okay. Thank you. Well, that's the I'm going to go to the bathroom. And the members of the court did. Okay let's What the hell? Okay. Let's give them their names in detail for all of you. The IRGC. Thank you. I have a mother, Rahidi. I haven't been speaking to them in about three years now, let's say, but... The things are in it. And I'm going Oh shit. In the book of Isaiah, it says, That's for security counseling In the Hammam episode, Gader, you responded to the delegation to Islamabad, right? I am the secretary of the Exclusive Council of Mersail and all of us. Amen. And remember, you will read that this is... are the four main disasters. 500000000000000000000 The sight is deceived by themselves. They have to listen. The reformers, they listen to the president, Iran Newsly. And of course all that This over here The authority of Ayatollah Osman Khamenei. Even if we cannot know the truth, we will not know the truth. Where is he? It is for all Jews. We need compliance security. Jesus. And I'm trying to think of the communication now is analog. Letters. So that's a going back and forth. Obviously it's a much slower process. But the communication is... Yes. He has the final save. He's four. Of course, we have to mention the e-mails. Thank you. But this doesn't mean that for instance, Arashi is marginalized. Can you imagine that? You've been American recently. You just think that Ratchet was putting through a house arrest. It's a success. That is the last thing you want. I'm sorry. Thank you. If you're really stupid, but considering where it comes from, that's a big step, right? So this is The only purpose is that this new I would say security counselors. It's the... It's unified. In fact, everybody is sitting on the same line. Every beat. Frankly, different interpretations. I'm going to go out how to proceed next. But the only thing I like is that this is a strong unit. And this thing is a dry... If you're buying from a restaurant, you're thinking, what's the point of going to Islamabad 2.0? There's nothing to discuss. Actually, no. We got around. You're not going to be in war. But now, any legal? Okay, they can't stop. So I'm not an actor or a warrior. So there are two acts of worrying sequence, I guess. What is that to discuss? That's the key point. But at least there is, I would say, economic relief there. Now, the story reaches the way the Iranian leaders, let's say, declined it. And everybody else, including our opposition, they ran rings of bones in America and the Americans were discombobulated and didn't know what to do. You know, we have a group of our buyers saying, okay, they have three or five days or so. Uh... And we're going to have a meeting. No.","transcript_len":2801,"state":2}
Waiting 30s for Dragon post-processing...
FINAL transcript_len=2801
FIRST 300: The reformists of war. Thank you. President. section Well, we have a... Yeah you I don't know. Okay. Thank you. Well, that's the I'm going to go to the bathroom. And the members of the court did. Okay let's What the hell? Okay. Let's give them their names in detail for all of you. The IRGC. Thank yo
LAST 300: say, declined it. And everybody else, including our opposition, they ran rings of bones in America and the Americans were discombobulated and didn't know what to do. You know, we have a group of our buyers saying, okay, they have three or five days or so. Uh... And we're going to have a meeting. No.
Apr 23 05:51:31 radxa-dragon-q6a genie-t2t-run[2166782]: fastrpc_perf.c:323: fastrpc_perf_init: enabled systrace 0x0 and RPC traces (kernel 0, dsp 0) with frequency 1000
Apr 23 05:51:31 radxa-dragon-q6a genie-t2t-run[2166782]: log_config.c:397: file_watcher_thread starting for domain 3
Apr 23 05:51:31 radxa-dragon-q6a genie-t2t-run[2166782]: log_config.c:421:file_watcher_thread: Couldn't find file genie-t2t-run.farf, errno (No such file or directory) at ;/usr/lib/rfsa/adsp;/usr/lib/dsp;
Apr 23 05:51:31 radxa-dragon-q6a genie-t2t-run[2166782]: fastrpc_apps_user.c:1534: Error 0x80000600: remote_handle64_invoke failed for module (null), handle 0xffff7c000b70, method 5 on domain 3 (sc 0x5000000) (errno Success)
Apr 23 05:51:31 radxa-dragon-q6a genie-t2t-run[2166782]: listener_android.c:352: Error 0x80000600: listener_start_thread domains support not available in listener
Apr 23 05:51:31 radxa-dragon-q6a genie-t2t-run[2166782]: fastrpc_apps_user.c:1534: Error 0x80000600: remote_handle64_invoke failed for module (null), handle 0xffff7c000d00, method 5 on domain 3 (sc 0x5020000) (errno Success)
Apr 23 05:51:31 radxa-dragon-q6a genie-t2t-run[2166782]: fastrpc_apps_user.c:631: Warning 0x80000600: fastrpc_set_remote_uthread_params: remotectl1 domains not supported for domain 3
Apr 23 05:51:31 radxa-dragon-q6a genie-t2t-run[2166782]: fastrpc_apps_user.c:661: Successfully set remote user thread priority to 192 and stack size to 17408 for domain 3
Apr 23 05:51:31 radxa-dragon-q6a genie-t2t-run[2166782]: listener_android.c:131: listener thread starting
Apr 23 05:51:31 radxa-dragon-q6a genie-t2t-run[2166782]: apps_std_imp.c:1143: Warning: apps_std_fopen_with_env failed with 0x2 for libQnnHtpV68Skel.so.2 (No such file or directory)
Apr 23 05:51:31 radxa-dragon-q6a genie-t2t-run[2166782]: mod_table.c:909: Error 0x2: open_mod_table_handle_invoke failed for handle:0x8a0a8a30, sc:0x13050100
Apr 23 05:51:31 radxa-dragon-q6a genie-t2t-run[2166782]: fastrpc_apps_user.c:1729: Error 0x80000406: remote_handle_open_domain: dynamic loading failed for file:///libQnnHtpV68Skel.so.2?qnn_skel_handle_invoke&_modver=1.0&_dom=cdsp on domain 3 (dlerror _rtld_map_object_ex: cannot open libQnnHtpV68Skel.so.2, errno 0 (no error)) (errno Succ
Apr 23 05:51:31 radxa-dragon-q6a genie-t2t-run[2166782]: fastrpc_apps_user.c:1829: Error 0x80000406: remote_handle64_open failed for file:///libQnnHtpV68Skel.so.2?qnn_skel_handle_invoke&_modver=1.0&_dom=cdsp (errno Success)
Apr 23 05:51:31 radxa-dragon-q6a genie-t2t-run[2166782]: apps_std_imp.c:1062: Successfully opened file libQnnHtpV68Skel.so
Apr 23 05:51:31 radxa-dragon-q6a genie-t2t-run[2166782]: apps_std_imp.c:1062: Successfully opened file /usr/lib/dsp/cdsp/libc++.so.1
Apr 23 05:51:31 radxa-dragon-q6a genie-t2t-run[2166782]: apps_std_imp.c:1062: Successfully opened file /usr/lib/dsp/cdsp/libc++abi.so.1
Apr 23 05:51:31 radxa-dragon-q6a genie-t2t-run[2166782]: fastrpc_apps_user.c:1833: remote_handle64_open: Successfully opened handle 0xaaaada961a30 (remote 0xe8f7f0) for file:///libQnnHtpV68Skel.so?qnn_skel_handle_invoke&_modver=1.0&_dom=cdsp on domain 3 (spawn time 0 us, load time 82343 us), num handles 1
Apr 23 05:51:31 radxa-dragon-q6a genie-t2t-run[2166782]: fastrpc_apps_user.c:2298: Warning: PM QoS is not supported; ignoring request and returning success for backward compatibility
Apr 23 05:51:31 radxa-dragon-q6a genie-t2t-run[2166782]: fastrpc_apps_user.c:2322: remote_handle_control_domain: requested QOS 1, latency 100 for domain 3 handle 0xaaaada961a30
Apr 23 05:51:36 radxa-dragon-q6a genie-t2t-run[2166782]: fastrpc_apps_user.c:1954: remote_handle64_close: closed module libQnnHtpV68Skel.so with handle 0xaaaada961a30 remote handle 0xe8f7f0, num of open handles: 0
Apr 23 05:51:36 radxa-dragon-q6a genie-t2t-run[2166782]: listener_android.c:306: Error 0x8000040d: listener response with result 0x0 for ctx 0x2986, handle 0x8a0a8b30, sc 0xffffffff failed : listener thread exited (errno Success)
Apr 23 05:51:36 radxa-dragon-q6a genie-t2t-run[2166782]: listener_android.c:324: listener thread exiting
Apr 23 05:51:36 radxa-dragon-q6a genie-t2t-run[2166782]: log_config.c:441:Warning: file_watcher_thread received exit for domain 3, file genie-t2t-run.farf
Apr 23 05:51:36 radxa-dragon-q6a genie-t2t-run[2166782]: log_config.c:514: file_watcher_thread exiting for domain 3
Apr 23 05:51:36 radxa-dragon-q6a genie-t2t-run[2166782]: fastrpc_apps_user.c:3328: close_device_node: closed dev 5 on domain 3
Apr 23 05:51:36 radxa-dragon-q6a genie-t2t-run[2166782]: fastrpc_apps_user.c:3203: domain_deinit done for domain 3.
Apr 23 05:51:36 radxa-dragon-q6a genie-t2t-run[2166782]: fastrpc_apps_user.c:4063: fastrpc_apps_user_deinit done
Apr 23 05:51:36 radxa-dragon-q6a python3[1637182]: 05:51:36 [INFO] dragon_voice.notes.db: Created note b05fb54b8074: 'Untitled Note'
Apr 23 05:51:36 radxa-dragon-q6a python3[1637182]: 05:51:36 [INFO] dragon_voice.server: Auto-created note b05fb54b8074 from dictation (2801 chars)
Apr 23 05:51:53 radxa-dragon-q6a python3[1637182]: 05:51:53 [INFO] dragon_voice.notes.service: Embedded note b05fb54b8074 (1024 dims)
